C51 COMPILER V9.01   MAIN                                                                  11/19/2022 10:53:49 PAGE 1   


C51 COMPILER V9.01, COMPILATION OF MODULE MAIN
OBJECT MODULE PLACED IN main.OBJ
COMPILER INVOKED BY: C:\Keil\C51\BIN\C51.EXE main.c BROWSE DEBUG OBJECTEXTEND

line level    source

   1          #include "reg51.h"
   2          typedef unsigned int u16; //对系统默认数据类型进行重定义
   3          typedef unsigned char u8;
   4          //定义 74HC595 控制管脚
   5          sbit SRCLK=P3^6; //移位寄存器时钟输入
   6          sbit RCLK=P3^5; //存储寄存器时钟输入
   7          sbit SER=P3^4; //串行数据输入
   8          #define LEDDZ_COL_PORT P0 //点阵列控制端口
   9          u8 gled_row[8]={0x30,0x48,0x44,0x22,0x22,0x44,0x48,0x30};//LED 点阵显示
  10          u8 gled_col[8]={0x7f,0xbf,0xdf,0xef,0xf7,0xfb,0xfd,0xfe};//LED 点阵显示
  11          void delay_10us(u16 ten_us)
  12          {
  13   1      while(ten_us--);
  14   1      }
  15          void hc595_write_data(u8 dat)
  16          {
  17   1      u8 i=0;
  18   1      for(i=0;i<8;i++)//循环 8 次即可将一个字节写入寄存器中
  19   1      {
  20   2      SER=dat>>7;//优先传输一个字节中的高位
  21   2      dat<<=1;//将低位移动到高位
  22   2      SRCLK=0;
  23   2      delay_10us(1);
  24   2      SRCLK=1;
  25   2      delay_10us(1);//移位寄存器时钟上升沿将端口数据送入寄存器中
  26   2      }
  27   1      RCLK=0;
  28   1      delay_10us(1);
  29   1      RCLK=1;//存储寄存器时钟上升沿将前面写入到寄存器的数据输出
  30   1      }
  31          void main()
  32          {
  33   1      u8 i=0;
  34   1      while(1)
  35   1      {
  36   2      for(i=0;i<8;i++)//循环 8 次扫描 8 行、列
  37   2      {
  38   3      LEDDZ_COL_PORT=gled_col[i];//传送列选数据
  39   3      hc595_write_data(gled_row[i]);//传送行选数据
  40   3      delay_10us(100);//延时一段时间，等待显示稳定
  41   3      hc595_write_data(0x00);//消影
  42   3      }
  43   2      }
  44   1      }


MODULE INFORMATION:   STATIC OVERLAYABLE
   CODE SIZE        =     92    ----
   CONSTANT SIZE    =   ----    ----
   XDATA SIZE       =   ----    ----
   PDATA SIZE       =   ----    ----
   DATA SIZE        =     16    ----
   IDATA SIZE       =   ----    ----
   BIT SIZE         =   ----    ----
END OF MODULE INFORMATION.

C51 COMPILER V9.01   MAIN                                                                  11/19/2022 10:53:49 PAGE 2   


C51 COMPILATION COMPLETE.  0 WARNING(S),  0 ERROR(S)
