C51 COMPILER V9.01   MAIN                                                                  07/24/2022 17:21:33 PAGE 1   


C51 COMPILER V9.01, COMPILATION OF MODULE MAIN
OBJECT MODULE PLACED IN main.OBJ
COMPILER INVOKED BY: C:\Keil\C51\BIN\C51.EXE main.c BROWSE DEBUG OBJECTEXTEND

line level    source

   1          #include "reg52.h"
   2          sbit LED1=P2^0;
   3          sbit LED2=P2^1;
   4          void delay_10us(unsigned int ten_us)
   5          {
   6   1         while(ten_us--);
   7   1      
   8   1      }
   9          void main()
  10          {
  11   1              LED1=0;
  12   1      
  13   1              while(1)
  14   1              {
  15   2                      LED2=1;
  16   2                      delay_10us(50000);
  17   2                      LED2=0;
  18   2                      delay_10us(50000);
  19   2      
  20   2              }
  21   1      }


MODULE INFORMATION:   STATIC OVERLAYABLE
   CODE SIZE        =     33    ----
   CONSTANT SIZE    =   ----    ----
   XDATA SIZE       =   ----    ----
   PDATA SIZE       =   ----    ----
   DATA SIZE        =   ----    ----
   IDATA SIZE       =   ----    ----
   BIT SIZE         =   ----    ----
END OF MODULE INFORMATION.


C51 COMPILATION COMPLETE.  0 WARNING(S),  0 ERROR(S)
