C51 COMPILER V9.01   MAIN                                                                  07/24/2022 17:33:21 PAGE 1   


C51 COMPILER V9.01, COMPILATION OF MODULE MAIN
OBJECT MODULE PLACED IN main.OBJ
COMPILER INVOKED BY: C:\Keil\C51\BIN\C51.EXE main.c BROWSE DEBUG OBJECTEXTEND

line level    source

   1          #include "reg52.h"
   2          sbit LED1=P2^0;
   3          sbit LED2=P2^1;
   4          sbit LED3=P2^2;
   5          sbit LED4=P2^3;
   6          sbit LED5=P2^4;
   7          sbit LED6=P2^5;
   8          sbit LED7=P2^6;
   9          sbit LED8=P2^7;
  10          void delay_10us(unsigned int ten_us)
  11          {
  12   1         while(ten_us--);
  13   1      
  14   1      }
  15          void main()
  16          {
  17   1      
  18   1              while(1)
  19   1              {
  20   2                      LED1=0;
  21   2                      delay_10us(50000);
  22   2                      LED1=1;
  23   2                      LED2=0;
  24   2                      delay_10us(50000);
  25   2                      LED2=1;
  26   2                      LED3=0;
  27   2                      delay_10us(50000);
  28   2                      LED3=1;
  29   2                      LED4=0;
  30   2                      delay_10us(50000);
  31   2                      LED4=1;
  32   2                      LED5=0;
  33   2                      delay_10us(50000);
  34   2                      LED5=1;
  35   2                      LED6=0;
  36   2                      delay_10us(50000);
  37   2                      LED6=1;
  38   2                      LED7=0;
  39   2                      delay_10us(50000);
  40   2                      LED7=1;
  41   2                      LED8=0;
  42   2                      delay_10us(50000);
  43   2                      LED8=1;
  44   2              }
  45   1      }


MODULE INFORMATION:   STATIC OVERLAYABLE
   CODE SIZE        =     73    ----
   CONSTANT SIZE    =   ----    ----
   XDATA SIZE       =   ----    ----
   PDATA SIZE       =   ----    ----
   DATA SIZE        =   ----    ----
   IDATA SIZE       =   ----    ----
   BIT SIZE         =   ----    ----
C51 COMPILER V9.01   MAIN                                                                  07/24/2022 17:33:21 PAGE 2   

END OF MODULE INFORMATION.


C51 COMPILATION COMPLETE.  0 WARNING(S),  0 ERROR(S)
